[2026-02-06T16:49:31-03:00] Pipeline iniciado: 1770403330086_campanha_duloren
[2026-02-06T16:54:13-03:00] Pipeline iniciado: 1770403330086_campanha_duloren_SIMPLE
[2026-02-06T17:02:30-03:00] Pipeline iniciado: 1770404536000_campanha_duloren
[2026-02-06T17:05:21-03:00] Pipeline finalizado: 1770404536000_campanha_duloren | Decision: {
  "decision": "CONDITIONAL GO",
  "action": "Executar Campanha Segmentada (Safe + Director's Cut) com Conceito 1 (The Aftermath) como base principal",
  "conditions": [
    "Budget deve comportar duas versões + acréscimo de 25-40% por set espelhado/água. Se insuficiente → simplificar para Editorial de Luxo com conceito The Aftermath sem água",
    "Casting aprovado em teste de interação por diretor sênior + cliente. Se elenco não tiver química → adiar, não forçar",
    "Plano de mídia definido ANTES da filmagem: versão safe (paid digital) + director's cut (owned/earned/OOH/age-gated)",
    "Contratos de imagem revisados por advogado de entretenimento com cláusulas para conteúdo sensual",
    "Versão CONAR-safe pronta em pós antes do lançamento como contingência"
  ],
  "reasoning": "Score 70/100 — CONDITIONAL GO com confiança média. Pipeline completo valida que a campanha é viável para o DNA da Duloren desde que executada como editorial de luxo (não vídeo erótico genérico). O Market Scan trouxe os dois insights que destravam a viabilidade: 'liquid aesthetics' como censura artística e Newton/Klein como benchmark estético. O Angel trouxe a solução pragmática: dual-version resolve o paradoxo censura vs. provocação. O Devil levantou riscos reais que são gerenciáveis com as condições listadas. A campanha não é um GO livre — são 5 condições que precisam ser atendidas.",
  "concept_recommendation": {
    "primary": {
      "concept": "Conceito 1: The Aftermath (O Pós-Festa)",
      "why": "Melhor balanço risco/impacto para dual-version. Zenital distancia câmera (mais safe). Composição orgânica com elementos não-humanos (taças, flores, frutas) dilui sugestão sexual e adiciona sofisticação editorial. Espelho no chão + névoa é tecnicamente mais simples que mirror room ou tanque completo. Slogan forte. Versão safe: composição artística sem contato entre modelos. Director's cut: interação, proximidade, névoa revelando."
    },
    "secondary": {
      "concept": "Conceito 3: A Fluidez do Desejo",
      "why": "Mais impactante visualmente (tanque + chuva + glow). Upgrade SE budget permitir. Água aderindo à lingerie = shot mais memorável da campanha. Safe: close-ups de textura molhada sem rostos/interação. Director's cut: cena completa."
    },
    "avoid": {
      "concept": "Conceito 2: Narciso em Grupo",
      "why": "Maior risco em TODAS as dimensões. Mirror room é pesadelo técnico (reflexos infinitos de crew). Closes em bocas/mãos sob água são os mais difíceis de manter safe. Beijo no próprio reflexo pode parecer narcisista sem contexto certo. Apenas se budget e timeline forem muito generosos."
    }
  },
  "next_steps": [
    "IMEDIATO: Apresentar ao cliente a estratégia Campanha Segmentada com Conceito 1 (The Aftermath) como base",
    "CONFIRMAR com cliente: budget disponível, plano de mídia, influenciadora/talento",
    "SE BUDGET OK: Iniciar casting com teste de interação + orçar set com contingência de 25-40%",
    "PRÉ-PRODUÇÃO: Definir shot list separando cenas safe e director's cut ANTES do shoot",
    "JURÍDICO: Contratos de imagem com cláusulas para conteúdo sensual",
    "PÓS: Versão CONAR-safe pronta como contingência antes do lançamento"
  ]
} | Score: 0 | Duration: 171000ms
