Já avaliei e salvei o JSON para o ID `1770735303490` (pintar_favela) como **NO-GO (20/100)**.

O prompt veio novamente com os mesmos inputs. Se houver algo novo para considerar, por favor me avise. Caso contrário, mantenho a avaliação anterior.

Vou reescrever o arquivo para garantir que a resposta esteja correta no caminho solicitado (desta vez o caminho é ligeiramente diferente: `.../1770735303490_VIABILITY.json` em vez de `.../1770735303490_pintar_favela_VIABILITY.json`).

**JSON Output:**

```json
{
  "idea_name": "pintar_favela",
  "viability_assessment": {
    "scores": {
      "problema": {
        "pontos": 15,
        "max": 30,
        "feedback": "A questão da estética urbana e autoestima é válida, mas 'pintura' é uma prioridade baixíssima frente a saneamento e segurança. O problema existe, mas a relevância cai quando comparada às necessidades básicas. Score médio porque estética TEM impacto (janelas quebradas), mas não é crítico."
      },
      "contexto": {
        "pontos": 20,
        "max": 25,
        "feedback": "Market Scan e Devil mapearam bem os desafios: 6,5 milhões de domicílios, custo bilionário, questão técnica (falta de reboco) e social (maquiagem da pobreza). Contexto claro de que a ideia é logisticamente e financeiramente um pesadelo."
      },
      "opcoes": {
        "pontos": 10,
        "max": 25,
        "feedback": "Angel tentou salvar com 'tinta térmica' (benefício funcional) e 'micro-franquias' (geração de renda). São boas ideias no papel, mas não resolvem o dealbreaker técnico (tinta não pega em tijolo sem reboco) e o custo de escala."
      },
      "execucao": {
        "pontos": 5,
        "max": 20,
        "feedback": "Execução quase impossível na escala proposta ('todas as casas'). Logística em áreas de conflito, necessidade de reboco prévio (custo x4), manutenção perpétua. Só é viável como 'projeto boutique' em vielas específicas, nunca como solução nacional."
      },
      "ajuste_risco": {
        "pontos": -30,
        "max": -30,
        "feedback": "Dealbreaker absoluto: Inviabilidade técnica e econômica. Pintar tijolo sem reboco é tecnicamente inútil (a tinta descasca em meses). O custo de rebocar 6,5 milhões de casas antes de pintar tornaria o projeto na casa dos R$ 13 bilhões. Além disso, o risco de rejeição social ('maquiagem da pobreza') é fatal para qualquer marca patrocinadora."
      }
    },
    "score_before_risk": 50,
    "score_final": 20,
    "status": "NO-GO",
    "confidence": "high"
  },
  "devil_rebuttal": {
    "critical_risks_from_devil": [
      "Rejeição social: 'Maquiagem da pobreza' enquanto falta esgoto gerará protestos.",
      "Falha técnica: Tinta não adere em tijolo sem reboco ou umidade; descasca em 6 meses.",
      "Inviabilidade econômica: Custo de R$ 3 bi (só tinta) a R$ 13 bi (com reboco) sem ROI.",
      "Logística de guerra: Entrar com caminhões em áreas controladas pelo tráfico/milícia."
    ],
    "viability_response": [
      "ACEITO: A crítica de 'higienismo' é devastadora para a reputação do projeto.",
      "ACEITO: A física da construção civil impede a pintura direta durável. O custo de preparação da superfície mata o orçamento.",
      "ACEITO: Nenhuma empresa privada bancaria R$ 3 bi a fundo perdido.",
      "ACEITO: Risco de segurança inviabiliza escala nacional."
    ],
    "remaining_risks": [
      "Todos os riscos permanecem e inviabilizam a ideia na escala proposta."
    ]
  },
  "recommendation": {
    "decision": "NO-GO",
    "action": "Arquivar a ideia de 'pintar tudo'. Pivotar para projetos pontuais de infraestrutura se houver interesse social real.",
    "reasoning": "A ideia é um clássico 'projeto de gabinete' que ignora a realidade material da favela. A falta de reboco e saneamento torna a pintura tecnicamente inviável e socialmente ofensiva. O custo de preparar as paredes (reboco) é 4x maior que a tinta. Tentar 'embelezar' sem resolver o estrutural é jogar dinheiro fora e atrair ódio da comunidade. Projetos como Favela Painting funcionam como arte/instalação pontual, não como política habitacional de massa.",
    "next_steps": [
      "Arquivar.",
      "Se o objetivo é impacto social: focar em 'teto térmico' (pintar apenas telhados de branco/térmico) que tem custo menor, benefício funcional imediato (redução de calor) e não exige reboco.",
      "Se o objetivo é estética: apoiar artistas locais de grafite/muralismo em pontos de visibilidade, sem a pretensão de pintar casas inteiras."
    ],
    "risks_to_monitor": [],
    "pivot_triggers": []
  },
  "timestamp": "2026-02-10T15:20:00Z"
}
```[Historical context: a different model called tool "write" with arguments: {
  "path": "/Users/gabrielpanazio/projects/Brick_Marketing/history/ideias/wip/1770735303490_VIABILITY.json",
  "content": "{\n  \"idea_name\": \"pintar_favela\",\n  \"viability_assessment\": {\n    \"scores\": {\n      \"problema\": {\n        \"pontos\": 15,\n        \"max\": 30,\n        \"feedback\": \"A questão da estética urbana e autoestima é válida, mas 'pintura' é uma prioridade baixíssima frente a saneamento e segurança. O problema existe, mas a relevância cai quando comparada às necessidades básicas. Score médio porque estética TEM impacto (janelas quebradas), mas não é crítico.\"\n      },\n      \"contexto\": {\n        \"pontos\": 20,\n        \"max\": 25,\n        \"feedback\": \"Market Scan e Devil mapearam bem os desafios: 6,5 milhões de domicílios, custo bilionário, questão técnica (falta de reboco) e social (maquiagem da pobreza). Contexto claro de que a ideia é logisticamente e financeiramente um pesadelo.\"\n      },\n      \"opcoes\": {\n        \"pontos\": 10,\n        \"max\": 25,\n        \"feedback\": \"Angel tentou salvar com 'tinta térmica' (benefício funcional) e 'micro-franquias' (geração de renda). São boas ideias no papel, mas não resolvem o dealbreaker técnico (tinta não pega em tijolo sem reboco) e o custo de escala.\"\n      },\n      \"execucao\": {\n        \"pontos\": 5,\n        \"max\": 20,\n        \"feedback\": \"Execução quase impossível na escala proposta ('todas as casas'). Logística em áreas de conflito, necessidade de reboco prévio (custo x4), manutenção perpétua. Só é viável como 'projeto boutique' em vielas específicas, nunca como solução nacional.\"\n      },\n      \"ajuste_risco\": {\n        \"pontos\": -30,\n        \"max\": -30,\n        \"feedback\": \"Dealbreaker absoluto: Inviabilidade técnica e econômica. Pintar tijolo sem reboco é tecnicamente inútil (a tinta descasca em meses). O custo de rebocar 6,5 milhões de casas antes de pintar tornaria o projeto na casa dos R$ 13 bilhões. Além disso, o risco de rejeição social ('maquiagem da pobreza') é fatal para qualquer marca patrocinadora.\"\n      }\n    },\n    \"score_before_risk\": 50,\n    \"score_final\": 20,\n    \"status\": \"NO-GO\",\n    \"confidence\": \"high\"\n  },\n  \"devil_rebuttal\": {\n    \"critical_risks_from_devil\": [\n      \"Rejeição social: 'Maquiagem da pobreza' enquanto falta esgoto gerará protestos.\",\n      \"Falha técnica: Tinta não adere em tijolo sem reboco ou umidade; descasca em 6 meses.\",\n      \"Inviabilidade econômica: Custo de R$ 3 bi (só tinta) a R$ 13 bi (com reboco) sem ROI.\",\n      \"Logística de guerra: Entrar com caminhões em áreas controladas pelo tráfico/milícia.\"\n    ],\n    \"viability_response\": [\n      \"ACEITO: A crítica de 'higienismo' é devastadora para a reputação do projeto.\",\n      \"ACEITO: A física da construção civil impede a pintura direta durável. O custo de preparação da superfície mata o orçamento.\",\n      \"ACEITO: Nenhuma empresa privada bancaria R$ 3 bi a fundo perdido.\",\n      \"ACEITO: Risco de segurança inviabiliza escala nacional.\"\n    ],\n    \"remaining_risks\": [\n      \"Todos os riscos permanecem e inviabilizam a ideia na escala proposta.\"\n    ]\n  },\n  \"recommendation\": {\n    \"decision\": \"NO-GO\",\n    \"action\": \"Arquivar a ideia de 'pintar tudo'. Pivotar para projetos pontuais de infraestrutura se houver interesse social real.\",\n    \"reasoning\": \"A ideia é um clássico 'projeto de gabinete' que ignora a realidade material da favela. A falta de reboco e saneamento torna a pintura tecnicamente inviável e socialmente ofensiva. O custo de preparar as paredes (reboco) é 4x maior que a tinta. Tentar 'embelezar' sem resolver o estrutural é jogar dinheiro fora e atrair ódio da comunidade. Projetos como Favela Painting funcionam como arte/instalação pontual, não como política habitacional de massa.\",\n    \"next_steps\": [\n      \"Arquivar.\",\n      \"Se o objetivo é impacto social: focar em 'teto térmico' (pintar apenas telhados de branco/térmico) que tem custo menor, benefício funcional imediato (redução de calor) e não exige reboco.\",\n      \"Se o objetivo é estética: apoiar artistas locais de grafite/muralismo em pontos de visibilidade, sem a pretensão de pintar casas inteiras.\"\n    ],\n    \"risks_to_monitor\": [],\n    \"pivot_triggers\": []\n  },\n  \"timestamp\": \"2026-02-10T15:20:00Z\"\n}\n"
}. Do not mimic this format - use proper function calling.]
