[2026-02-05T12:08:28-03:00] Pipeline iniciado: 1770288147944_luta_de_boxe
[2026-02-05T12:08:28-03:00] Pipeline iniciado: roteirizacao_set
[2026-02-05T12:15:58-03:00] Pipeline finalizado: 1770288147944_luta_de_boxe | Decision: {
  "decision": "NO-GO",
  "reasoning": "Score 30/100 — muito abaixo do threshold mínimo de 40 para reconsideração. A ideia tem 3 dealbreakers ABSOLUTOS (todos legais/regulatórios), nenhum dos quais é contornável com criatividade ou dinheiro. O Pain Check e Market Scan foram otimistas ao ponto de negligentes — identificaram corretamente sinais de demanda mas ignoraram que a 'oferta' é literalmente crime federal. O Angel construiu ângulos criativos sobre fundação de areia: nenhum dos três ângulos sobrevive ao primeiro contato com um advogado. O Devil, por outro lado, entregou a análise mais sólida do pipeline: cada cenário de falha é documentado com precedentes reais e legislação específica. A assimetria é brutal — o melhor cenário possível (evento acontece sem incidentes) ainda gera prejuízo financeiro. O pior cenário (violência real, mortes, prisões) é plausível e irreversível. Não existe pivot que salve a ideia no formato proposto.",
  "next_steps": [
    "ARQUIVAR a ideia no formato atual — é inexequível jurídica, financeira e moralmente",
    "EXTRAIR o insight válido: há demanda por conteúdo que processe a polarização brasileira de forma catártica. Isso é real e monetizável — mas não através de violência simulada entre figuras políticas reais",
    "CONSIDERAR pivots radicais (ver abaixo) APENAS se o interesse persistir"
  ],
  "risks": [
    "FATAL — Criminalização: Lei 14.192/2021 + LGPD + Código Eleitoral = reclusão de até 5 anos para organizadores",
    "FATAL — Perda de concessão: ANATEL cassaria outorga da RedeTV (R$ 500M+ em valor)",
    "FATAL — Incitação à violência: País pós-8 de Janeiro, 68% acreditam que política justifica violência (FGV). Evento seria gatilho para confrontos reais",
    "ECONÔMICO — ROI negativo mesmo no melhor cenário: custos legais superariam receita em 3-20x",
    "REPUTACIONAL — Nenhum patrocinador mainstream tocaria. Marcas de bets/crypto são únicas possíveis, e mesmo essas recuariam após primeira liminar"
  ],
  "mitigations": [
    "Não existem mitigações viáveis para os 3 dealbreakers legais. São absolutos.",
    "A única 'mitigação' honesta é não fazer o evento."
  ],
  "pivots_possiveis": [
    {
      "nome": "Documentário sobre a Ideia Proibida",
      "conceito": "Não fazer o evento — fazer um DOC sobre POR QUE o evento não pode existir. Entrevistar juristas, sociólogos, lutadores, humoristas. A tese: 'O que diz sobre um país o fato de que a luta mais desejada é entre seus políticos?' Formato: série de 3 episódios para YouTube/streaming.",
      "viabilidade": "Média-alta. Sem risco legal (é jornalismo/opinião). Custo baixo. Viralização provável. Monetização via views + patrocínio cultural.",
      "score_estimado": "65-70/100 — CONDITIONAL GO"
    },
    {
      "nome": "Game Satírico Mobile (Celebrity Deathmatch BR)",
      "conceito": "Jogo de luta estilo arcade com caricaturas de políticos brasileiros (estilizadas o suficiente para evitar violação de imagem). Monetização via ads + in-app purchases. Referência: jogos indie já existem no nicho mas sem qualidade de produção.",
      "viabilidade": "Média. Zona cinza legal (caricatura é protegida por lei como sátira). Custo de desenvolvimento moderado. Mercado validado por jogos similares menores.",
      "score_estimado": "55-60/100 — REVISIT com advogado de IP"
    },
    {
      "nome": "Efeito Streisand Estratégico",
      "conceito": "O Devil identificou algo brilhante: ANUNCIAR o evento sabendo que será proibido, colher o buzz gratuito, e pivotar para conteúdo sobre a proibição. É marketing de guerrilha puro. Mas: requer tolerância a risco legal do anúncio em si + possível multa por 'publicidade enganosa'.",
      "viabilidade": "Baixa-média. Inteligente em teoria, arriscado em prática. Funciona uma vez. Custo de multa potencial: R$ 100K-500K. Buzz value potencial: inestimável.",
      "score_estimado": "45-50/100 — REVISIT com cautela"
    }
  ]
} | Score: 0 | Duration: ms
