{
  "marca": "Brick AI",
  "produto": "Produção de vídeo premium potencializada por IA (Production Enhanced)",
  "objetivo": "awareness",
  "publico": {
    "primario": "Diretores de Marketing e de Criação em agências médias e grandes",
    "secundario": "Donos de produtoras de vídeo e gestores de marcas premium",
    "demografico": "30-50 anos, centros urbanos brasileiros (SP/RJ), decisores B2B de alto nível",
    "psicografico": "Buscam excelência técnica e criativa, céticos com ferramentas de IA genéricas, valorizam o impossível e o craft cinematográfico"
  },
  "mensagem_central": "Production Enhanced: Não substituímos a realidade, viabilizamos o impossível. Artistas com armas nucleares entregando o que o orçamento tradicional não alcança.",
  "tom": "profissional",
  "canal": [
    "instagram",
    "tiktok",
    "linkedin",
    "ads"
  ],
  "formato": "video",
  "cta": "Fale com nossos diretores para viabilizar seu projeto impossível",
  "restricoes": [
    "Evitar posicionamento como ferramenta de massa ou SaaS",
    "Não focar em facilidade/velocidade, mas em qualidade/complexidade",
    "Respeitar o teto de budget de R$ 1.000,00 para ads"
  ],
  "contexto": "Transição/Lançamento pós-Carnaval 2026. Liderada por Gabriel Panazio e Lufe, com 10 anos de experiência cinematográfica. Foco em projetos de alto impacto que seriam proibitivamente caros ou impossíveis via métodos tradicionais.",
  "anexos": [],
  "inferred_fields": [
    "demografico",
    "psicografico",
    "objetivo",
    "tom",
    "formato",
    "cta"
  ]
}
